Analysis & Synthesis report for Gameboy
Fri Feb 28 11:49:44 2020
Quartus Prime Version 18.1.0 Build 625 09/12/2018 SJ Lite Edition


---------------------
; Table of Contents ;
---------------------
  1. Legal Notice
  2. Analysis & Synthesis Summary
  3. Analysis & Synthesis Settings
  4. Parallel Compilation
  5. Analysis & Synthesis Source Files Read
  6. Analysis & Synthesis Resource Usage Summary
  7. Analysis & Synthesis Resource Utilization by Entity
  8. Registers Removed During Synthesis
  9. General Register Statistics
 10. Multiplexer Restructuring Statistics (Restructuring Performed)
 11. Post-Synthesis Netlist Statistics for Top Partition
 12. Elapsed Time Per Partition
 13. Analysis & Synthesis Messages
 14. Analysis & Synthesis Suppressed Messages



----------------
; Legal Notice ;
----------------
Copyright (C) 2018  Intel Corporation. All rights reserved.
Your use of Intel Corporation's design tools, logic functions 
and other software and tools, and its AMPP partner logic 
functions, and any output files from any of the foregoing 
(including device programming or simulation files), and any 
associated documentation or information are expressly subject 
to the terms and conditions of the Intel Program License 
Subscription Agreement, the Intel Quartus Prime License Agreement,
the Intel FPGA IP License Agreement, or other applicable license
agreement, including, without limitation, that your use is for
the sole purpose of programming logic devices manufactured by
Intel and sold by Intel or its authorized distributors.  Please
refer to the applicable agreement for further details.



+-------------------------------------------------------------------------------+
; Analysis & Synthesis Summary                                                  ;
+---------------------------------+---------------------------------------------+
; Analysis & Synthesis Status     ; Successful - Fri Feb 28 11:49:44 2020       ;
; Quartus Prime Version           ; 18.1.0 Build 625 09/12/2018 SJ Lite Edition ;
; Revision Name                   ; Gameboy                                     ;
; Top-level Entity Name           ; CPU                                         ;
; Family                          ; Cyclone V                                   ;
; Logic utilization (in ALMs)     ; N/A                                         ;
; Total registers                 ; 50                                          ;
; Total pins                      ; 179                                         ;
; Total virtual pins              ; 0                                           ;
; Total block memory bits         ; 0                                           ;
; Total DSP Blocks                ; 0                                           ;
; Total HSSI RX PCSs              ; 0                                           ;
; Total HSSI PMA RX Deserializers ; 0                                           ;
; Total HSSI TX PCSs              ; 0                                           ;
; Total HSSI PMA TX Serializers   ; 0                                           ;
; Total PLLs                      ; 0                                           ;
; Total DLLs                      ; 0                                           ;
+---------------------------------+---------------------------------------------+


+---------------------------------------------------------------------------------------------------------------------------+
; Analysis & Synthesis Settings                                                                                             ;
+---------------------------------------------------------------------------------+--------------------+--------------------+
; Option                                                                          ; Setting            ; Default Value      ;
+---------------------------------------------------------------------------------+--------------------+--------------------+
; Device                                                                          ; 5CSEBA6U23I7       ;                    ;
; Top-level entity name                                                           ; CPU                ; Gameboy            ;
; Family name                                                                     ; Cyclone V          ; Cyclone V          ;
; Use smart compilation                                                           ; Off                ; Off                ;
; Enable parallel Assembler and Timing Analyzer during compilation                ; On                 ; On                 ;
; Enable compact report table                                                     ; Off                ; Off                ;
; Restructure Multiplexers                                                        ; Auto               ; Auto               ;
; MLAB Add Timing Constraints For Mixed-Port Feed-Through Mode Setting Don't Care ; Off                ; Off                ;
; Create Debugging Nodes for IP Cores                                             ; Off                ; Off                ;
; Preserve fewer node names                                                       ; On                 ; On                 ;
; Intel FPGA IP Evaluation Mode                                                   ; Enable             ; Enable             ;
; Verilog Version                                                                 ; Verilog_2001       ; Verilog_2001       ;
; VHDL Version                                                                    ; VHDL_1993          ; VHDL_1993          ;
; State Machine Processing                                                        ; Auto               ; Auto               ;
; Safe State Machine                                                              ; Off                ; Off                ;
; Extract Verilog State Machines                                                  ; On                 ; On                 ;
; Extract VHDL State Machines                                                     ; On                 ; On                 ;
; Ignore Verilog initial constructs                                               ; Off                ; Off                ;
; Iteration limit for constant Verilog loops                                      ; 5000               ; 5000               ;
; Iteration limit for non-constant Verilog loops                                  ; 250                ; 250                ;
; Add Pass-Through Logic to Inferred RAMs                                         ; On                 ; On                 ;
; Infer RAMs from Raw Logic                                                       ; On                 ; On                 ;
; Parallel Synthesis                                                              ; On                 ; On                 ;
; DSP Block Balancing                                                             ; Auto               ; Auto               ;
; NOT Gate Push-Back                                                              ; On                 ; On                 ;
; Power-Up Don't Care                                                             ; On                 ; On                 ;
; Remove Redundant Logic Cells                                                    ; Off                ; Off                ;
; Remove Duplicate Registers                                                      ; On                 ; On                 ;
; Ignore CARRY Buffers                                                            ; Off                ; Off                ;
; Ignore CASCADE Buffers                                                          ; Off                ; Off                ;
; Ignore GLOBAL Buffers                                                           ; Off                ; Off                ;
; Ignore ROW GLOBAL Buffers                                                       ; Off                ; Off                ;
; Ignore LCELL Buffers                                                            ; Off                ; Off                ;
; Ignore SOFT Buffers                                                             ; On                 ; On                 ;
; Limit AHDL Integers to 32 Bits                                                  ; Off                ; Off                ;
; Optimization Technique                                                          ; Balanced           ; Balanced           ;
; Carry Chain Length                                                              ; 70                 ; 70                 ;
; Auto Carry Chains                                                               ; On                 ; On                 ;
; Auto Open-Drain Pins                                                            ; On                 ; On                 ;
; Perform WYSIWYG Primitive Resynthesis                                           ; Off                ; Off                ;
; Auto ROM Replacement                                                            ; On                 ; On                 ;
; Auto RAM Replacement                                                            ; On                 ; On                 ;
; Auto DSP Block Replacement                                                      ; On                 ; On                 ;
; Auto Shift Register Replacement                                                 ; Auto               ; Auto               ;
; Allow Shift Register Merging across Hierarchies                                 ; Auto               ; Auto               ;
; Auto Clock Enable Replacement                                                   ; On                 ; On                 ;
; Strict RAM Replacement                                                          ; Off                ; Off                ;
; Allow Synchronous Control Signals                                               ; On                 ; On                 ;
; Force Use of Synchronous Clear Signals                                          ; Off                ; Off                ;
; Auto Resource Sharing                                                           ; Off                ; Off                ;
; Allow Any RAM Size For Recognition                                              ; Off                ; Off                ;
; Allow Any ROM Size For Recognition                                              ; Off                ; Off                ;
; Allow Any Shift Register Size For Recognition                                   ; Off                ; Off                ;
; Use LogicLock Constraints during Resource Balancing                             ; On                 ; On                 ;
; Ignore translate_off and synthesis_off directives                               ; Off                ; Off                ;
; Timing-Driven Synthesis                                                         ; On                 ; On                 ;
; Report Parameter Settings                                                       ; On                 ; On                 ;
; Report Source Assignments                                                       ; On                 ; On                 ;
; Report Connectivity Checks                                                      ; On                 ; On                 ;
; Ignore Maximum Fan-Out Assignments                                              ; Off                ; Off                ;
; Synchronization Register Chain Length                                           ; 3                  ; 3                  ;
; Power Optimization During Synthesis                                             ; Normal compilation ; Normal compilation ;
; HDL message level                                                               ; Level2             ; Level2             ;
; Suppress Register Optimization Related Messages                                 ; Off                ; Off                ;
; Number of Removed Registers Reported in Synthesis Report                        ; 5000               ; 5000               ;
; Number of Swept Nodes Reported in Synthesis Report                              ; 5000               ; 5000               ;
; Number of Inverted Registers Reported in Synthesis Report                       ; 100                ; 100                ;
; Clock MUX Protection                                                            ; On                 ; On                 ;
; Auto Gated Clock Conversion                                                     ; Off                ; Off                ;
; Block Design Naming                                                             ; Auto               ; Auto               ;
; SDC constraint protection                                                       ; Off                ; Off                ;
; Synthesis Effort                                                                ; Auto               ; Auto               ;
; Shift Register Replacement - Allow Asynchronous Clear Signal                    ; On                 ; On                 ;
; Pre-Mapping Resynthesis Optimization                                            ; Off                ; Off                ;
; Analysis & Synthesis Message Level                                              ; Medium             ; Medium             ;
; Disable Register Merging Across Hierarchies                                     ; Auto               ; Auto               ;
; Resource Aware Inference For Block RAM                                          ; On                 ; On                 ;
; Automatic Parallel Synthesis                                                    ; On                 ; On                 ;
; Partial Reconfiguration Bitstream ID                                            ; Off                ; Off                ;
+---------------------------------------------------------------------------------+--------------------+--------------------+


+------------------------------------------+
; Parallel Compilation                     ;
+----------------------------+-------------+
; Processors                 ; Number      ;
+----------------------------+-------------+
; Number detected on machine ; 8           ;
; Maximum allowed            ; 4           ;
;                            ;             ;
; Average used               ; 1.00        ;
; Maximum used               ; 4           ;
;                            ;             ;
; Usage by Processor         ; % Time Used ;
;     Processor 1            ; 100.0%      ;
;     Processors 2-4         ;   0.0%      ;
+----------------------------+-------------+


+-------------------------------------------------------------------------------------------------------------------------------+
; Analysis & Synthesis Source Files Read                                                                                        ;
+----------------------------------+-----------------+------------------------+---------------------------------------+---------+
; File Name with User-Entered Path ; Used in Netlist ; File Type              ; File Name with Absolute Path          ; Library ;
+----------------------------------+-----------------+------------------------+---------------------------------------+---------+
; CPU.v                            ; yes             ; User Verilog HDL File  ; C:/Users/773577/Desktop/Gameboy/CPU.v ;         ;
+----------------------------------+-----------------+------------------------+---------------------------------------+---------+


+------------------------------------------------------------+
; Analysis & Synthesis Resource Usage Summary                ;
+---------------------------------------------+--------------+
; Resource                                    ; Usage        ;
+---------------------------------------------+--------------+
; Estimate of Logic utilization (ALMs needed) ; 29           ;
;                                             ;              ;
; Combinational ALUT usage for logic          ; 29           ;
;     -- 7 input functions                    ; 0            ;
;     -- 6 input functions                    ; 1            ;
;     -- 5 input functions                    ; 5            ;
;     -- 4 input functions                    ; 4            ;
;     -- <=3 input functions                  ; 19           ;
;                                             ;              ;
; Dedicated logic registers                   ; 50           ;
;                                             ;              ;
; I/O pins                                    ; 179          ;
;                                             ;              ;
; Total DSP Blocks                            ; 0            ;
;                                             ;              ;
; Maximum fan-out node                        ; pllClk~input ;
; Maximum fan-out                             ; 50           ;
; Total fan-out                               ; 495          ;
; Average fan-out                             ; 1.13         ;
+---------------------------------------------+--------------+


+----------------------------------------------------------------------------------------------------------------------------------------------------------------------------------------+
; Analysis & Synthesis Resource Utilization by Entity                                                                                                                                    ;
+----------------------------+---------------------+---------------------------+-------------------+------------+------+--------------+---------------------+-------------+--------------+
; Compilation Hierarchy Node ; Combinational ALUTs ; Dedicated Logic Registers ; Block Memory Bits ; DSP Blocks ; Pins ; Virtual Pins ; Full Hierarchy Name ; Entity Name ; Library Name ;
+----------------------------+---------------------+---------------------------+-------------------+------------+------+--------------+---------------------+-------------+--------------+
; |CPU                       ; 29 (29)             ; 50 (50)                   ; 0                 ; 0          ; 179  ; 0            ; |CPU                ; CPU         ; work         ;
+----------------------------+---------------------+---------------------------+-------------------+------------+------+--------------+---------------------+-------------+--------------+
Note: For table entries with two numbers listed, the numbers in parentheses indicate the number of resources of the given type used by the specific entity alone. The numbers listed outside of parentheses indicate the total resources of the given type used by the specific entity and all of its sub-entities in the hierarchy.


+---------------------------------------------------------------------------------+
; Registers Removed During Synthesis                                              ;
+----------------------------------------+----------------------------------------+
; Register name                          ; Reason for Removal                     ;
+----------------------------------------+----------------------------------------+
; MCycle[0]~reg0                         ; Stuck at VCC due to stuck port data_in ;
; MCycle[1]~reg0                         ; Stuck at GND due to stuck port data_in ;
; MCycle[2]~reg0                         ; Stuck at GND due to stuck port data_in ;
; TCycle[0]~reg0                         ; Stuck at GND due to stuck port data_in ;
; TCycle[1]~reg0                         ; Stuck at GND due to stuck port data_in ;
; TCycle[2]~reg0                         ; Stuck at VCC due to stuck port data_in ;
; E[6]~reg0                              ; Stuck at GND due to stuck port data_in ;
; E[5]~reg0                              ; Stuck at GND due to stuck port data_in ;
; E[4]~reg0                              ; Stuck at VCC due to stuck port data_in ;
; E[3]~reg0                              ; Stuck at VCC due to stuck port data_in ;
; E[2]~reg0                              ; Stuck at VCC due to stuck port data_in ;
; E[1]~reg0                              ; Stuck at VCC due to stuck port data_in ;
; E[0]~reg0                              ; Stuck at GND due to stuck port data_in ;
; D[7]~reg0                              ; Stuck at GND due to stuck port data_in ;
; D[6]~reg0                              ; Stuck at GND due to stuck port data_in ;
; D[5]~reg0                              ; Stuck at GND due to stuck port data_in ;
; D[4]~reg0                              ; Stuck at VCC due to stuck port data_in ;
; D[3]~reg0                              ; Stuck at GND due to stuck port data_in ;
; D[2]~reg0                              ; Stuck at VCC due to stuck port data_in ;
; D[1]~reg0                              ; Stuck at VCC due to stuck port data_in ;
; D[0]~reg0                              ; Stuck at GND due to stuck port data_in ;
; C[7]~reg0                              ; Stuck at GND due to stuck port data_in ;
; C[6]~reg0                              ; Stuck at GND due to stuck port data_in ;
; C[5]~reg0                              ; Stuck at GND due to stuck port data_in ;
; C[4]~reg0                              ; Stuck at GND due to stuck port data_in ;
; C[3]~reg0                              ; Stuck at VCC due to stuck port data_in ;
; C[2]~reg0                              ; Stuck at VCC due to stuck port data_in ;
; C[1]~reg0                              ; Stuck at VCC due to stuck port data_in ;
; C[0]~reg0                              ; Stuck at GND due to stuck port data_in ;
; B[7]~reg0                              ; Stuck at GND due to stuck port data_in ;
; B[6]~reg0                              ; Stuck at GND due to stuck port data_in ;
; B[5]~reg0                              ; Stuck at GND due to stuck port data_in ;
; B[4]~reg0                              ; Stuck at GND due to stuck port data_in ;
; B[3]~reg0                              ; Stuck at GND due to stuck port data_in ;
; B[2]~reg0                              ; Stuck at VCC due to stuck port data_in ;
; B[1]~reg0                              ; Stuck at VCC due to stuck port data_in ;
; B[0]~reg0                              ; Stuck at GND due to stuck port data_in ;
; E[7]~reg0                              ; Stuck at GND due to stuck port data_in ;
; H[0]~reg0                              ; Stuck at GND due to stuck port data_in ;
; H[1]~reg0                              ; Stuck at VCC due to stuck port data_in ;
; H[2]~reg0                              ; Stuck at VCC due to stuck port data_in ;
; H[3]~reg0                              ; Stuck at GND due to stuck port data_in ;
; H[4]~reg0                              ; Stuck at GND due to stuck port data_in ;
; H[5]~reg0                              ; Stuck at VCC due to stuck port data_in ;
; H[6]~reg0                              ; Stuck at GND due to stuck port data_in ;
; H[7]~reg0                              ; Stuck at GND due to stuck port data_in ;
; L[0]~reg0                              ; Stuck at GND due to stuck port data_in ;
; L[1]~reg0                              ; Stuck at VCC due to stuck port data_in ;
; L[2]~reg0                              ; Stuck at VCC due to stuck port data_in ;
; L[3]~reg0                              ; Stuck at VCC due to stuck port data_in ;
; L[4]~reg0                              ; Stuck at GND due to stuck port data_in ;
; L[5]~reg0                              ; Stuck at VCC due to stuck port data_in ;
; L[6]~reg0                              ; Stuck at GND due to stuck port data_in ;
; L[7]~reg0                              ; Stuck at GND due to stuck port data_in ;
; A[0]~reg0                              ; Stuck at GND due to stuck port data_in ;
; A[1]~reg0                              ; Stuck at VCC due to stuck port data_in ;
; A[3]~reg0                              ; Stuck at VCC due to stuck port data_in ;
; A[4]~reg0                              ; Stuck at VCC due to stuck port data_in ;
; A[5]~reg0                              ; Stuck at VCC due to stuck port data_in ;
; store_add[0]~reg0                      ; Stuck at GND due to stuck port data_in ;
; store_add[1]~reg0                      ; Stuck at VCC due to stuck port data_in ;
; store_add[2]~reg0                      ; Stuck at GND due to stuck port data_in ;
; store_add[3]~reg0                      ; Stuck at VCC due to stuck port data_in ;
; store_add[4]~reg0                      ; Stuck at VCC due to stuck port data_in ;
; store_add[5]~reg0                      ; Stuck at VCC due to stuck port data_in ;
; store_add[6]~reg0                      ; Stuck at VCC due to stuck port data_in ;
; store_add[7]~reg0                      ; Stuck at VCC due to stuck port data_in ;
; store_add[8]~reg0                      ; Stuck at GND due to stuck port data_in ;
; store_add[9]~reg0                      ; Stuck at VCC due to stuck port data_in ;
; store_add[10]~reg0                     ; Stuck at GND due to stuck port data_in ;
; store_add[11]~reg0                     ; Stuck at VCC due to stuck port data_in ;
; store_add[12]~reg0                     ; Stuck at VCC due to stuck port data_in ;
; store_add[13]~reg0                     ; Stuck at VCC due to stuck port data_in ;
; store_add[14]~reg0                     ; Stuck at VCC due to stuck port data_in ;
; store_add[15]~reg0                     ; Stuck at VCC due to stuck port data_in ;
; A[7]~reg0                              ; Merged with A[6]~reg0                  ;
; Total Number of Removed Registers = 76 ;                                        ;
+----------------------------------------+----------------------------------------+


+------------------------------------------------------+
; General Register Statistics                          ;
+----------------------------------------------+-------+
; Statistic                                    ; Value ;
+----------------------------------------------+-------+
; Total registers                              ; 50    ;
; Number of registers using Synchronous Clear  ; 0     ;
; Number of registers using Synchronous Load   ; 16    ;
; Number of registers using Asynchronous Clear ; 0     ;
; Number of registers using Asynchronous Load  ; 0     ;
; Number of registers using Clock Enable       ; 50    ;
; Number of registers using Preset             ; 0     ;
+----------------------------------------------+-------+


+------------------------------------------------------------------------------------------------------------------------------------------+
; Multiplexer Restructuring Statistics (Restructuring Performed)                                                                           ;
+--------------------+-----------+---------------+----------------------+------------------------+------------+----------------------------+
; Multiplexer Inputs ; Bus Width ; Baseline Area ; Area if Restructured ; Saving if Restructured ; Registered ; Example Multiplexer Output ;
+--------------------+-----------+---------------+----------------------+------------------------+------------+----------------------------+
; 256:1              ; 2 bits    ; 340 LEs       ; 2 LEs                ; 338 LEs                ; Yes        ; |CPU|A[2]~reg0             ;
; 250:1              ; 16 bits   ; 2656 LEs      ; 0 LEs                ; 2656 LEs               ; Yes        ; |CPU|add[9]~reg0           ;
; 250:1              ; 16 bits   ; 2656 LEs      ; 0 LEs                ; 2656 LEs               ; Yes        ; |CPU|PC[6]~reg0            ;
+--------------------+-----------+---------------+----------------------+------------------------+------------+----------------------------+


+-----------------------------------------------------+
; Post-Synthesis Netlist Statistics for Top Partition ;
+-----------------------+-----------------------------+
; Type                  ; Count                       ;
+-----------------------+-----------------------------+
; arriav_ff             ; 50                          ;
;     ENA               ; 34                          ;
;     ENA SLD           ; 16                          ;
; arriav_lcell_comb     ; 31                          ;
;     arith             ; 16                          ;
;         1 data inputs ; 16                          ;
;     normal            ; 15                          ;
;         0 data inputs ; 2                           ;
;         1 data inputs ; 1                           ;
;         2 data inputs ; 2                           ;
;         4 data inputs ; 4                           ;
;         5 data inputs ; 5                           ;
;         6 data inputs ; 1                           ;
; boundary_port         ; 179                         ;
;                       ;                             ;
; Max LUT depth         ; 3.00                        ;
; Average LUT depth     ; 1.35                        ;
+-----------------------+-----------------------------+


+-------------------------------+
; Elapsed Time Per Partition    ;
+----------------+--------------+
; Partition Name ; Elapsed Time ;
+----------------+--------------+
; Top            ; 00:00:01     ;
+----------------+--------------+


+-------------------------------+
; Analysis & Synthesis Messages ;
+-------------------------------+
Info: *******************************************************************
Info: Running Quartus Prime Analysis & Synthesis
    Info: Version 18.1.0 Build 625 09/12/2018 SJ Lite Edition
    Info: Processing started: Fri Feb 28 11:49:23 2020
Info: Command: quartus_map --read_settings_files=on --write_settings_files=off Gameboy -c Gameboy
Warning (18236): Number of processors has not been specified which may cause overloading on shared machines.  Set the global assignment NUM_PARALLEL_PROCESSORS in your QSF to an appropriate value for best performance.
Info (20030): Parallel compilation is enabled and will use 4 of the 4 processors detected
Warning (10229): Verilog HDL Expression warning at CPU.v(556): truncated literal to match 8 bits File: C:/Users/773577/Desktop/Gameboy/CPU.v Line: 556
Info (12021): Found 1 design units, including 1 entities, in source file cpu.v
    Info (12023): Found entity 1: CPU File: C:/Users/773577/Desktop/Gameboy/CPU.v Line: 1
Info (12021): Found 1 design units, including 1 entities, in source file pllclk.v
    Info (12023): Found entity 1: pllClk File: C:/Users/773577/Desktop/Gameboy/pllClk.v Line: 8
Info (12021): Found 1 design units, including 1 entities, in source file pllclk/pllclk_0002.v
    Info (12023): Found entity 1: pllClk_0002 File: C:/Users/773577/Desktop/Gameboy/pllClk/pllClk_0002.v Line: 2
Info (12021): Found 1 design units, including 1 entities, in source file ppu.v
    Info (12023): Found entity 1: PPU File: C:/Users/773577/Desktop/Gameboy/PPU.v Line: 1
Info (12127): Elaborating entity "CPU" for the top level hierarchy
Warning (10230): Verilog HDL assignment warning at CPU.v(77): truncated value with size 32 to match size of target (16) File: C:/Users/773577/Desktop/Gameboy/CPU.v Line: 77
Warning (10230): Verilog HDL assignment warning at CPU.v(84): truncated value with size 32 to match size of target (16) File: C:/Users/773577/Desktop/Gameboy/CPU.v Line: 84
Warning (10230): Verilog HDL assignment warning at CPU.v(91): truncated value with size 32 to match size of target (16) File: C:/Users/773577/Desktop/Gameboy/CPU.v Line: 91
Warning (10230): Verilog HDL assignment warning at CPU.v(98): truncated value with size 32 to match size of target (16) File: C:/Users/773577/Desktop/Gameboy/CPU.v Line: 98
Warning (10230): Verilog HDL assignment warning at CPU.v(105): truncated value with size 32 to match size of target (16) File: C:/Users/773577/Desktop/Gameboy/CPU.v Line: 105
Warning (10230): Verilog HDL assignment warning at CPU.v(112): truncated value with size 32 to match size of target (16) File: C:/Users/773577/Desktop/Gameboy/CPU.v Line: 112
Warning (10230): Verilog HDL assignment warning at CPU.v(148): truncated value with size 32 to match size of target (16) File: C:/Users/773577/Desktop/Gameboy/CPU.v Line: 148
Warning (10230): Verilog HDL assignment warning at CPU.v(149): truncated value with size 32 to match size of target (16) File: C:/Users/773577/Desktop/Gameboy/CPU.v Line: 149
Warning (10230): Verilog HDL assignment warning at CPU.v(153): truncated value with size 32 to match size of target (16) File: C:/Users/773577/Desktop/Gameboy/CPU.v Line: 153
Warning (10230): Verilog HDL assignment warning at CPU.v(154): truncated value with size 32 to match size of target (16) File: C:/Users/773577/Desktop/Gameboy/CPU.v Line: 154
Warning (10230): Verilog HDL assignment warning at CPU.v(160): truncated value with size 32 to match size of target (16) File: C:/Users/773577/Desktop/Gameboy/CPU.v Line: 160
Warning (10230): Verilog HDL assignment warning at CPU.v(161): truncated value with size 32 to match size of target (16) File: C:/Users/773577/Desktop/Gameboy/CPU.v Line: 161
Warning (10230): Verilog HDL assignment warning at CPU.v(167): truncated value with size 32 to match size of target (16) File: C:/Users/773577/Desktop/Gameboy/CPU.v Line: 167
Warning (10230): Verilog HDL assignment warning at CPU.v(168): truncated value with size 32 to match size of target (16) File: C:/Users/773577/Desktop/Gameboy/CPU.v Line: 168
Warning (10272): Verilog HDL Case Statement warning at CPU.v(132): case item expression covers a value already covered by a previous case item File: C:/Users/773577/Desktop/Gameboy/CPU.v Line: 132
Warning (10272): Verilog HDL Case Statement warning at CPU.v(180): case item expression covers a value already covered by a previous case item File: C:/Users/773577/Desktop/Gameboy/CPU.v Line: 180
Warning (10030): Net "F[7..4]" at CPU.v(27) has no driver or initial value, using a default initial value '0' File: C:/Users/773577/Desktop/Gameboy/CPU.v Line: 27
Warning (10034): Output port "data_out" at CPU.v(17) has no driver File: C:/Users/773577/Desktop/Gameboy/CPU.v Line: 17
Warning (10034): Output port "F[3..0]" at CPU.v(27) has no driver File: C:/Users/773577/Desktop/Gameboy/CPU.v Line: 27
Warning (10034): Output port "SP" at CPU.v(35) has no driver File: C:/Users/773577/Desktop/Gameboy/CPU.v Line: 35
Warning (10034): Output port "idk" at CPU.v(6) has no driver File: C:/Users/773577/Desktop/Gameboy/CPU.v Line: 6
Warning (10034): Output port "test_cpu" at CPU.v(7) has no driver File: C:/Users/773577/Desktop/Gameboy/CPU.v Line: 7
Warning (10034): Output port "write" at CPU.v(9) has no driver File: C:/Users/773577/Desktop/Gameboy/CPU.v Line: 9
Warning (10034): Output port "read" at CPU.v(10) has no driver File: C:/Users/773577/Desktop/Gameboy/CPU.v Line: 10
Warning (10034): Output port "chip" at CPU.v(11) has no driver File: C:/Users/773577/Desktop/Gameboy/CPU.v Line: 11
Warning (10034): Output port "SRAM" at CPU.v(19) has no driver File: C:/Users/773577/Desktop/Gameboy/CPU.v Line: 19
Warning (10034): Output port "halt" at CPU.v(25) has no driver File: C:/Users/773577/Desktop/Gameboy/CPU.v Line: 25
Warning (13024): Output pins are stuck at VCC or GND
    Warning (13410): Pin "idk" is stuck at GND File: C:/Users/773577/Desktop/Gameboy/CPU.v Line: 6
    Warning (13410): Pin "test_cpu" is stuck at GND File: C:/Users/773577/Desktop/Gameboy/CPU.v Line: 7
    Warning (13410): Pin "write" is stuck at GND File: C:/Users/773577/Desktop/Gameboy/CPU.v Line: 9
    Warning (13410): Pin "read" is stuck at GND File: C:/Users/773577/Desktop/Gameboy/CPU.v Line: 10
    Warning (13410): Pin "chip" is stuck at GND File: C:/Users/773577/Desktop/Gameboy/CPU.v Line: 11
    Warning (13410): Pin "store_add[0]" is stuck at GND File: C:/Users/773577/Desktop/Gameboy/CPU.v Line: 57
    Warning (13410): Pin "store_add[1]" is stuck at VCC File: C:/Users/773577/Desktop/Gameboy/CPU.v Line: 57
    Warning (13410): Pin "store_add[2]" is stuck at GND File: C:/Users/773577/Desktop/Gameboy/CPU.v Line: 57
    Warning (13410): Pin "store_add[3]" is stuck at VCC File: C:/Users/773577/Desktop/Gameboy/CPU.v Line: 57
    Warning (13410): Pin "store_add[4]" is stuck at VCC File: C:/Users/773577/Desktop/Gameboy/CPU.v Line: 57
    Warning (13410): Pin "store_add[5]" is stuck at VCC File: C:/Users/773577/Desktop/Gameboy/CPU.v Line: 57
    Warning (13410): Pin "store_add[6]" is stuck at VCC File: C:/Users/773577/Desktop/Gameboy/CPU.v Line: 57
    Warning (13410): Pin "store_add[7]" is stuck at VCC File: C:/Users/773577/Desktop/Gameboy/CPU.v Line: 57
    Warning (13410): Pin "store_add[8]" is stuck at GND File: C:/Users/773577/Desktop/Gameboy/CPU.v Line: 57
    Warning (13410): Pin "store_add[9]" is stuck at VCC File: C:/Users/773577/Desktop/Gameboy/CPU.v Line: 57
    Warning (13410): Pin "store_add[10]" is stuck at GND File: C:/Users/773577/Desktop/Gameboy/CPU.v Line: 57
    Warning (13410): Pin "store_add[11]" is stuck at VCC File: C:/Users/773577/Desktop/Gameboy/CPU.v Line: 57
    Warning (13410): Pin "store_add[12]" is stuck at VCC File: C:/Users/773577/Desktop/Gameboy/CPU.v Line: 57
    Warning (13410): Pin "store_add[13]" is stuck at VCC File: C:/Users/773577/Desktop/Gameboy/CPU.v Line: 57
    Warning (13410): Pin "store_add[14]" is stuck at VCC File: C:/Users/773577/Desktop/Gameboy/CPU.v Line: 57
    Warning (13410): Pin "store_add[15]" is stuck at VCC File: C:/Users/773577/Desktop/Gameboy/CPU.v Line: 57
    Warning (13410): Pin "data_out[0]" is stuck at GND File: C:/Users/773577/Desktop/Gameboy/CPU.v Line: 17
    Warning (13410): Pin "data_out[1]" is stuck at GND File: C:/Users/773577/Desktop/Gameboy/CPU.v Line: 17
    Warning (13410): Pin "data_out[2]" is stuck at GND File: C:/Users/773577/Desktop/Gameboy/CPU.v Line: 17
    Warning (13410): Pin "data_out[3]" is stuck at GND File: C:/Users/773577/Desktop/Gameboy/CPU.v Line: 17
    Warning (13410): Pin "data_out[4]" is stuck at GND File: C:/Users/773577/Desktop/Gameboy/CPU.v Line: 17
    Warning (13410): Pin "data_out[5]" is stuck at GND File: C:/Users/773577/Desktop/Gameboy/CPU.v Line: 17
    Warning (13410): Pin "data_out[6]" is stuck at GND File: C:/Users/773577/Desktop/Gameboy/CPU.v Line: 17
    Warning (13410): Pin "data_out[7]" is stuck at GND File: C:/Users/773577/Desktop/Gameboy/CPU.v Line: 17
    Warning (13410): Pin "SRAM" is stuck at GND File: C:/Users/773577/Desktop/Gameboy/CPU.v Line: 19
    Warning (13410): Pin "halt" is stuck at GND File: C:/Users/773577/Desktop/Gameboy/CPU.v Line: 25
    Warning (13410): Pin "A[0]" is stuck at GND File: C:/Users/773577/Desktop/Gameboy/CPU.v Line: 57
    Warning (13410): Pin "A[1]" is stuck at VCC File: C:/Users/773577/Desktop/Gameboy/CPU.v Line: 57
    Warning (13410): Pin "A[3]" is stuck at VCC File: C:/Users/773577/Desktop/Gameboy/CPU.v Line: 57
    Warning (13410): Pin "A[4]" is stuck at VCC File: C:/Users/773577/Desktop/Gameboy/CPU.v Line: 57
    Warning (13410): Pin "A[5]" is stuck at VCC File: C:/Users/773577/Desktop/Gameboy/CPU.v Line: 57
    Warning (13410): Pin "F[0]" is stuck at GND File: C:/Users/773577/Desktop/Gameboy/CPU.v Line: 27
    Warning (13410): Pin "F[1]" is stuck at GND File: C:/Users/773577/Desktop/Gameboy/CPU.v Line: 27
    Warning (13410): Pin "F[2]" is stuck at GND File: C:/Users/773577/Desktop/Gameboy/CPU.v Line: 27
    Warning (13410): Pin "F[3]" is stuck at GND File: C:/Users/773577/Desktop/Gameboy/CPU.v Line: 27
    Warning (13410): Pin "F[4]" is stuck at GND File: C:/Users/773577/Desktop/Gameboy/CPU.v Line: 27
    Warning (13410): Pin "F[5]" is stuck at GND File: C:/Users/773577/Desktop/Gameboy/CPU.v Line: 27
    Warning (13410): Pin "F[6]" is stuck at GND File: C:/Users/773577/Desktop/Gameboy/CPU.v Line: 27
    Warning (13410): Pin "F[7]" is stuck at GND File: C:/Users/773577/Desktop/Gameboy/CPU.v Line: 27
    Warning (13410): Pin "B[0]" is stuck at GND File: C:/Users/773577/Desktop/Gameboy/CPU.v Line: 57
    Warning (13410): Pin "B[1]" is stuck at VCC File: C:/Users/773577/Desktop/Gameboy/CPU.v Line: 57
    Warning (13410): Pin "B[2]" is stuck at VCC File: C:/Users/773577/Desktop/Gameboy/CPU.v Line: 57
    Warning (13410): Pin "B[3]" is stuck at GND File: C:/Users/773577/Desktop/Gameboy/CPU.v Line: 57
    Warning (13410): Pin "B[4]" is stuck at GND File: C:/Users/773577/Desktop/Gameboy/CPU.v Line: 57
    Warning (13410): Pin "B[5]" is stuck at GND File: C:/Users/773577/Desktop/Gameboy/CPU.v Line: 57
    Warning (13410): Pin "B[6]" is stuck at GND File: C:/Users/773577/Desktop/Gameboy/CPU.v Line: 57
    Warning (13410): Pin "B[7]" is stuck at GND File: C:/Users/773577/Desktop/Gameboy/CPU.v Line: 57
    Warning (13410): Pin "C[0]" is stuck at GND File: C:/Users/773577/Desktop/Gameboy/CPU.v Line: 57
    Warning (13410): Pin "C[1]" is stuck at VCC File: C:/Users/773577/Desktop/Gameboy/CPU.v Line: 57
    Warning (13410): Pin "C[2]" is stuck at VCC File: C:/Users/773577/Desktop/Gameboy/CPU.v Line: 57
    Warning (13410): Pin "C[3]" is stuck at VCC File: C:/Users/773577/Desktop/Gameboy/CPU.v Line: 57
    Warning (13410): Pin "C[4]" is stuck at GND File: C:/Users/773577/Desktop/Gameboy/CPU.v Line: 57
    Warning (13410): Pin "C[5]" is stuck at GND File: C:/Users/773577/Desktop/Gameboy/CPU.v Line: 57
    Warning (13410): Pin "C[6]" is stuck at GND File: C:/Users/773577/Desktop/Gameboy/CPU.v Line: 57
    Warning (13410): Pin "C[7]" is stuck at GND File: C:/Users/773577/Desktop/Gameboy/CPU.v Line: 57
    Warning (13410): Pin "D[0]" is stuck at GND File: C:/Users/773577/Desktop/Gameboy/CPU.v Line: 57
    Warning (13410): Pin "D[1]" is stuck at VCC File: C:/Users/773577/Desktop/Gameboy/CPU.v Line: 57
    Warning (13410): Pin "D[2]" is stuck at VCC File: C:/Users/773577/Desktop/Gameboy/CPU.v Line: 57
    Warning (13410): Pin "D[3]" is stuck at GND File: C:/Users/773577/Desktop/Gameboy/CPU.v Line: 57
    Warning (13410): Pin "D[4]" is stuck at VCC File: C:/Users/773577/Desktop/Gameboy/CPU.v Line: 57
    Warning (13410): Pin "D[5]" is stuck at GND File: C:/Users/773577/Desktop/Gameboy/CPU.v Line: 57
    Warning (13410): Pin "D[6]" is stuck at GND File: C:/Users/773577/Desktop/Gameboy/CPU.v Line: 57
    Warning (13410): Pin "D[7]" is stuck at GND File: C:/Users/773577/Desktop/Gameboy/CPU.v Line: 57
    Warning (13410): Pin "E[0]" is stuck at GND File: C:/Users/773577/Desktop/Gameboy/CPU.v Line: 57
    Warning (13410): Pin "E[1]" is stuck at VCC File: C:/Users/773577/Desktop/Gameboy/CPU.v Line: 57
    Warning (13410): Pin "E[2]" is stuck at VCC File: C:/Users/773577/Desktop/Gameboy/CPU.v Line: 57
    Warning (13410): Pin "E[3]" is stuck at VCC File: C:/Users/773577/Desktop/Gameboy/CPU.v Line: 57
    Warning (13410): Pin "E[4]" is stuck at VCC File: C:/Users/773577/Desktop/Gameboy/CPU.v Line: 57
    Warning (13410): Pin "E[5]" is stuck at GND File: C:/Users/773577/Desktop/Gameboy/CPU.v Line: 57
    Warning (13410): Pin "E[6]" is stuck at GND File: C:/Users/773577/Desktop/Gameboy/CPU.v Line: 57
    Warning (13410): Pin "E[7]" is stuck at GND File: C:/Users/773577/Desktop/Gameboy/CPU.v Line: 57
    Warning (13410): Pin "H[0]" is stuck at GND File: C:/Users/773577/Desktop/Gameboy/CPU.v Line: 57
    Warning (13410): Pin "H[1]" is stuck at VCC File: C:/Users/773577/Desktop/Gameboy/CPU.v Line: 57
    Warning (13410): Pin "H[2]" is stuck at VCC File: C:/Users/773577/Desktop/Gameboy/CPU.v Line: 57
    Warning (13410): Pin "H[3]" is stuck at GND File: C:/Users/773577/Desktop/Gameboy/CPU.v Line: 57
    Warning (13410): Pin "H[4]" is stuck at GND File: C:/Users/773577/Desktop/Gameboy/CPU.v Line: 57
    Warning (13410): Pin "H[5]" is stuck at VCC File: C:/Users/773577/Desktop/Gameboy/CPU.v Line: 57
    Warning (13410): Pin "H[6]" is stuck at GND File: C:/Users/773577/Desktop/Gameboy/CPU.v Line: 57
    Warning (13410): Pin "H[7]" is stuck at GND File: C:/Users/773577/Desktop/Gameboy/CPU.v Line: 57
    Warning (13410): Pin "L[0]" is stuck at GND File: C:/Users/773577/Desktop/Gameboy/CPU.v Line: 57
    Warning (13410): Pin "L[1]" is stuck at VCC File: C:/Users/773577/Desktop/Gameboy/CPU.v Line: 57
    Warning (13410): Pin "L[2]" is stuck at VCC File: C:/Users/773577/Desktop/Gameboy/CPU.v Line: 57
    Warning (13410): Pin "L[3]" is stuck at VCC File: C:/Users/773577/Desktop/Gameboy/CPU.v Line: 57
    Warning (13410): Pin "L[4]" is stuck at GND File: C:/Users/773577/Desktop/Gameboy/CPU.v Line: 57
    Warning (13410): Pin "L[5]" is stuck at VCC File: C:/Users/773577/Desktop/Gameboy/CPU.v Line: 57
    Warning (13410): Pin "L[6]" is stuck at GND File: C:/Users/773577/Desktop/Gameboy/CPU.v Line: 57
    Warning (13410): Pin "L[7]" is stuck at GND File: C:/Users/773577/Desktop/Gameboy/CPU.v Line: 57
    Warning (13410): Pin "SP[0]" is stuck at GND File: C:/Users/773577/Desktop/Gameboy/CPU.v Line: 35
    Warning (13410): Pin "SP[1]" is stuck at GND File: C:/Users/773577/Desktop/Gameboy/CPU.v Line: 35
    Warning (13410): Pin "SP[2]" is stuck at GND File: C:/Users/773577/Desktop/Gameboy/CPU.v Line: 35
    Warning (13410): Pin "SP[3]" is stuck at GND File: C:/Users/773577/Desktop/Gameboy/CPU.v Line: 35
    Warning (13410): Pin "SP[4]" is stuck at GND File: C:/Users/773577/Desktop/Gameboy/CPU.v Line: 35
    Warning (13410): Pin "SP[5]" is stuck at GND File: C:/Users/773577/Desktop/Gameboy/CPU.v Line: 35
    Warning (13410): Pin "SP[6]" is stuck at GND File: C:/Users/773577/Desktop/Gameboy/CPU.v Line: 35
    Warning (13410): Pin "SP[7]" is stuck at GND File: C:/Users/773577/Desktop/Gameboy/CPU.v Line: 35
    Warning (13410): Pin "SP[8]" is stuck at GND File: C:/Users/773577/Desktop/Gameboy/CPU.v Line: 35
    Warning (13410): Pin "SP[9]" is stuck at GND File: C:/Users/773577/Desktop/Gameboy/CPU.v Line: 35
    Warning (13410): Pin "SP[10]" is stuck at GND File: C:/Users/773577/Desktop/Gameboy/CPU.v Line: 35
    Warning (13410): Pin "SP[11]" is stuck at GND File: C:/Users/773577/Desktop/Gameboy/CPU.v Line: 35
    Warning (13410): Pin "SP[12]" is stuck at GND File: C:/Users/773577/Desktop/Gameboy/CPU.v Line: 35
    Warning (13410): Pin "SP[13]" is stuck at GND File: C:/Users/773577/Desktop/Gameboy/CPU.v Line: 35
    Warning (13410): Pin "SP[14]" is stuck at GND File: C:/Users/773577/Desktop/Gameboy/CPU.v Line: 35
    Warning (13410): Pin "SP[15]" is stuck at GND File: C:/Users/773577/Desktop/Gameboy/CPU.v Line: 35
    Warning (13410): Pin "TCycle[0]" is stuck at GND File: C:/Users/773577/Desktop/Gameboy/CPU.v Line: 57
    Warning (13410): Pin "TCycle[1]" is stuck at GND File: C:/Users/773577/Desktop/Gameboy/CPU.v Line: 57
    Warning (13410): Pin "TCycle[2]" is stuck at VCC File: C:/Users/773577/Desktop/Gameboy/CPU.v Line: 57
    Warning (13410): Pin "MCycle[0]" is stuck at VCC File: C:/Users/773577/Desktop/Gameboy/CPU.v Line: 57
    Warning (13410): Pin "MCycle[1]" is stuck at GND File: C:/Users/773577/Desktop/Gameboy/CPU.v Line: 57
    Warning (13410): Pin "MCycle[2]" is stuck at GND File: C:/Users/773577/Desktop/Gameboy/CPU.v Line: 57
    Warning (13410): Pin "flagZ" is stuck at GND File: C:/Users/773577/Desktop/Gameboy/CPU.v Line: 43
    Warning (13410): Pin "flagN" is stuck at GND File: C:/Users/773577/Desktop/Gameboy/CPU.v Line: 44
    Warning (13410): Pin "flagH" is stuck at GND File: C:/Users/773577/Desktop/Gameboy/CPU.v Line: 45
    Warning (13410): Pin "flagC" is stuck at GND File: C:/Users/773577/Desktop/Gameboy/CPU.v Line: 48
Info (286030): Timing-Driven Synthesis is running
Warning (20013): Ignored 16 assignments for entity "pllClk" -- entity does not exist in design
    Warning (20014): Assignment for entity set_global_assignment -name IP_TOOL_NAME altera_pll -entity pllClk -sip pllClk.sip -library lib_pllClk was ignored
    Warning (20014): Assignment for entity set_global_assignment -name IP_TOOL_VERSION 18.1 -entity pllClk -sip pllClk.sip -library lib_pllClk was ignored
    Warning (20014): Assignment for entity set_global_assignment -name IP_TOOL_ENV mwpim -entity pllClk -sip pllClk.sip -library lib_pllClk was ignored
Warning (20013): Ignored 317 assignments for entity "pllClk_0002" -- entity does not exist in design
Info (144001): Generated suppressed messages file C:/Users/773577/Desktop/Gameboy/output_files/Gameboy.map.smsg
Info (16010): Generating hard_block partition "hard_block:auto_generated_inst"
    Info (16011): Adding 0 node(s), including 0 DDIO, 0 PLL, 0 transceiver and 0 LCELL
Warning (21074): Design contains 1 input pin(s) that do not drive logic
    Warning (15610): No output dependent on input pin "REQ" File: C:/Users/773577/Desktop/Gameboy/CPU.v Line: 21
Info (21057): Implemented 257 device resources after synthesis - the final resource count might be different
    Info (21058): Implemented 10 input pins
    Info (21059): Implemented 169 output pins
    Info (21061): Implemented 78 logic cells
Info: Quartus Prime Analysis & Synthesis was successful. 0 errors, 155 warnings
    Info: Peak virtual memory: 4851 megabytes
    Info: Processing ended: Fri Feb 28 11:49:44 2020
    Info: Elapsed time: 00:00:21
    Info: Total CPU time (on all processors): 00:00:40


+------------------------------------------+
; Analysis & Synthesis Suppressed Messages ;
+------------------------------------------+
The suppressed messages can be found in C:/Users/773577/Desktop/Gameboy/output_files/Gameboy.map.smsg.


